Compiling the C compiler identification source file "CMakeCCompilerId.c" failed.
Compiler: /usr/bin/eosio-cc 
Build flags: ;-O3;
Id flags:  

The output was:
255
/usr/opt/eosio.cdt/1.6.2/bin/wasm-ld: error: cannot open /tmp/CMakeCCompilerId.c.o: No such file or directory


Compiling the CXX compiler identification source file "CMakeCXXCompilerId.cpp" failed.
Compiler: /usr/bin/eosio-cpp 
Build flags: ;-O3;
Id flags:  

The output was:
255
/usr/opt/eosio.cdt/1.6.2/bin/wasm-ld: error: duplicate symbol: main(int, char**)
>>> defined in /tmp/CMakeCXXCompilerId.cpp.o
>>> defined in /tmp/CMakeCXXCompilerId.cpp.o

/usr/opt/eosio.cdt/1.6.2/bin/wasm-ld: error: duplicate symbol: info_platform
>>> defined in /tmp/CMakeCXXCompilerId.cpp.o
>>> defined in /tmp/CMakeCXXCompilerId.cpp.o

/usr/opt/eosio.cdt/1.6.2/bin/wasm-ld: error: duplicate symbol: info_compiler
>>> defined in /tmp/CMakeCXXCompilerId.cpp.o
>>> defined in /tmp/CMakeCXXCompilerId.cpp.o

/usr/opt/eosio.cdt/1.6.2/bin/wasm-ld: error: duplicate symbol: info_language_dialect_default
>>> defined in /tmp/CMakeCXXCompilerId.cpp.o
>>> defined in /tmp/CMakeCXXCompilerId.cpp.o

/usr/opt/eosio.cdt/1.6.2/bin/wasm-ld: error: duplicate symbol: info_arch
>>> defined in /tmp/CMakeCXXCompilerId.cpp.o
>>> defined in /tmp/CMakeCXXCompilerId.cpp.o


Detecting C compiler ABI info failed to compile with the following output:
Change Dir: /home/phil/eos-workspace/eosnameswaps/build/eosnameswaps/CMakeFiles/CMakeTmp

Run Build Command:"/usr/bin/make" "cmTC_79090/fast"
make[3]: Entering directory '/home/phil/eos-workspace/eosnameswaps/build/eosnameswaps/CMakeFiles/CMakeTmp'
/usr/bin/make -f CMakeFiles/cmTC_79090.dir/build.make CMakeFiles/cmTC_79090.dir/build
make[4]: Entering directory '/home/phil/eos-workspace/eosnameswaps/build/eosnameswaps/CMakeFiles/CMakeTmp'
Building C object CMakeFiles/cmTC_79090.dir/CMakeCCompilerABI.c.obj
/usr/bin/eosio-cc    -o CMakeFiles/cmTC_79090.dir/CMakeCCompilerABI.c.obj   -c /usr/share/cmake-3.10/Modules/CMakeCCompilerABI.c
Linking C executable cmTC_79090.wasm
/usr/bin/cmake -E cmake_link_script CMakeFiles/cmTC_79090.dir/link.txt --verbose=1
/usr/bin/eosio-ld  -v CMakeFiles/cmTC_79090.dir/CMakeCCompilerABI.c.obj -o cmTC_79090.wasm 
eosio-ld: Unknown command line argument '-v'.  Try: '/usr/bin/eosio-ld -help'
eosio-ld: Did you mean '-L'?
CMakeFiles/cmTC_79090.dir/build.make:97: recipe for target 'cmTC_79090.wasm' failed
make[4]: *** [cmTC_79090.wasm] Error 1
make[4]: Leaving directory '/home/phil/eos-workspace/eosnameswaps/build/eosnameswaps/CMakeFiles/CMakeTmp'
Makefile:126: recipe for target 'cmTC_79090/fast' failed
make[3]: *** [cmTC_79090/fast] Error 2
make[3]: Leaving directory '/home/phil/eos-workspace/eosnameswaps/build/eosnameswaps/CMakeFiles/CMakeTmp'



Detecting C [-std=c11] compiler features failed to compile with the following output:
Change Dir: /home/phil/eos-workspace/eosnameswaps/build/eosnameswaps/CMakeFiles/CMakeTmp

Run Build Command:"/usr/bin/make" "cmTC_bfcae/fast"
make[3]: Entering directory '/home/phil/eos-workspace/eosnameswaps/build/eosnameswaps/CMakeFiles/CMakeTmp'
/usr/bin/make -f CMakeFiles/cmTC_bfcae.dir/build.make CMakeFiles/cmTC_bfcae.dir/build
make[4]: Entering directory '/home/phil/eos-workspace/eosnameswaps/build/eosnameswaps/CMakeFiles/CMakeTmp'
Building C object CMakeFiles/cmTC_bfcae.dir/feature_tests.c.obj
/usr/bin/eosio-cc   -std=c11 -o CMakeFiles/cmTC_bfcae.dir/feature_tests.c.obj   -c /home/phil/eos-workspace/eosnameswaps/build/eosnameswaps/CMakeFiles/feature_tests.c
eosio-cc: Unknown command line argument '-std=c11'.  Try: '/usr/bin/eosio-cc -help'
eosio-cc: Did you mean '-w=c11'?
CMakeFiles/cmTC_bfcae.dir/build.make:65: recipe for target 'CMakeFiles/cmTC_bfcae.dir/feature_tests.c.obj' failed
make[4]: *** [CMakeFiles/cmTC_bfcae.dir/feature_tests.c.obj] Error 1
make[4]: Leaving directory '/home/phil/eos-workspace/eosnameswaps/build/eosnameswaps/CMakeFiles/CMakeTmp'
Makefile:126: recipe for target 'cmTC_bfcae/fast' failed
make[3]: *** [cmTC_bfcae/fast] Error 2
make[3]: Leaving directory '/home/phil/eos-workspace/eosnameswaps/build/eosnameswaps/CMakeFiles/CMakeTmp'



Detecting CXX compiler ABI info failed to compile with the following output:
Change Dir: /home/phil/eos-workspace/eosnameswaps/build/eosnameswaps/CMakeFiles/CMakeTmp

Run Build Command:"/usr/bin/make" "cmTC_af7dc/fast"
make[3]: Entering directory '/home/phil/eos-workspace/eosnameswaps/build/eosnameswaps/CMakeFiles/CMakeTmp'
/usr/bin/make -f CMakeFiles/cmTC_af7dc.dir/build.make CMakeFiles/cmTC_af7dc.dir/build
make[4]: Entering directory '/home/phil/eos-workspace/eosnameswaps/build/eosnameswaps/CMakeFiles/CMakeTmp'
Building CXX object CMakeFiles/cmTC_af7dc.dir/CMakeCXXCompilerABI.cpp.obj
/usr/bin/eosio-cpp     -o CMakeFiles/cmTC_af7dc.dir/CMakeCXXCompilerABI.cpp.obj -c /usr/share/cmake-3.10/Modules/CMakeCXXCompilerABI.cpp
Linking CXX executable cmTC_af7dc.wasm
/usr/bin/cmake -E cmake_link_script CMakeFiles/cmTC_af7dc.dir/link.txt --verbose=1
/usr/bin/eosio-ld  -v CMakeFiles/cmTC_af7dc.dir/CMakeCXXCompilerABI.cpp.obj -o cmTC_af7dc.wasm 
eosio-ld: Unknown command line argument '-v'.  Try: '/usr/bin/eosio-ld -help'
eosio-ld: Did you mean '-L'?
CMakeFiles/cmTC_af7dc.dir/build.make:97: recipe for target 'cmTC_af7dc.wasm' failed
make[4]: *** [cmTC_af7dc.wasm] Error 1
make[4]: Leaving directory '/home/phil/eos-workspace/eosnameswaps/build/eosnameswaps/CMakeFiles/CMakeTmp'
Makefile:126: recipe for target 'cmTC_af7dc/fast' failed
make[3]: *** [cmTC_af7dc/fast] Error 2
make[3]: Leaving directory '/home/phil/eos-workspace/eosnameswaps/build/eosnameswaps/CMakeFiles/CMakeTmp'



Detecting CXX [-std=c++1z] compiler features failed to compile with the following output:
Change Dir: /home/phil/eos-workspace/eosnameswaps/build/eosnameswaps/CMakeFiles/CMakeTmp

Run Build Command:"/usr/bin/make" "cmTC_21f2d/fast"
make[3]: Entering directory '/home/phil/eos-workspace/eosnameswaps/build/eosnameswaps/CMakeFiles/CMakeTmp'
/usr/bin/make -f CMakeFiles/cmTC_21f2d.dir/build.make CMakeFiles/cmTC_21f2d.dir/build
make[4]: Entering directory '/home/phil/eos-workspace/eosnameswaps/build/eosnameswaps/CMakeFiles/CMakeTmp'
Building CXX object CMakeFiles/cmTC_21f2d.dir/feature_tests.cxx.obj
/usr/bin/eosio-cpp    -std=c++1z -o CMakeFiles/cmTC_21f2d.dir/feature_tests.cxx.obj -c /home/phil/eos-workspace/eosnameswaps/build/eosnameswaps/CMakeFiles/feature_tests.cxx
Linking CXX executable cmTC_21f2d.wasm
/usr/bin/cmake -E cmake_link_script CMakeFiles/cmTC_21f2d.dir/link.txt --verbose=1
/usr/bin/eosio-ld   CMakeFiles/cmTC_21f2d.dir/feature_tests.cxx.obj -o cmTC_21f2d.wasm 
/usr/opt/eosio.cdt/1.6.2/bin/wasm-ld: error: fatal failure: contract with no actions and trying to create dispatcher
CMakeFiles/cmTC_21f2d.dir/build.make:97: recipe for target 'cmTC_21f2d.wasm' failed
make[4]: *** [cmTC_21f2d.wasm] Error 255
make[4]: Leaving directory '/home/phil/eos-workspace/eosnameswaps/build/eosnameswaps/CMakeFiles/CMakeTmp'
Makefile:126: recipe for target 'cmTC_21f2d/fast' failed
make[3]: *** [cmTC_21f2d/fast] Error 2
make[3]: Leaving directory '/home/phil/eos-workspace/eosnameswaps/build/eosnameswaps/CMakeFiles/CMakeTmp'



